This file contains any messages produced by compilers while
running configure, to aid debugging if configure makes a mistake.

It was created by resiprocate configure 1.9.0~rc2, which was
generated by GNU Autoconf 2.69.  Invocation command line was

  $ ./configure 

## --------- ##
## Platform. ##
## --------- ##

hostname = vip216
uname -m = x86_64
uname -r = 3.13.0-37-generic
uname -s = Linux
uname -v = #64-Ubuntu SMP Mon Sep 22 21:28:38 UTC 2014

/usr/bin/uname -p = unknown
/bin/uname -X     = unknown

/bin/arch              = unknown
/usr/bin/arch -k       = unknown
/usr/convex/getsysinfo = unknown
/usr/bin/hostinfo      = unknown
/bin/machine           = unknown
/usr/bin/oslevel       = unknown
/bin/universe          = unknown

PATH: /usr/bin
PATH: /usr/local/sbin
PATH: /usr/local/bin
PATH: /usr/sbin
PATH: /usr/bin
PATH: /sbin
PATH: /bin
PATH: /usr/games
PATH: /usr/local/games


## ----------- ##
## Core tests. ##
## ----------- ##

configure:2562: checking for a BSD-compatible install
configure:2630: result: /usr/bin/install -c
configure:2641: checking whether build environment is sane
configure:2696: result: yes
configure:2847: checking for a thread-safe mkdir -p
configure:2886: result: /bin/mkdir -p
configure:2893: checking for gawk
configure:2909: found /usr/bin/gawk
configure:2920: result: gawk
configure:2931: checking whether make sets $(MAKE)
configure:2953: result: yes
configure:2982: checking whether make supports nested variables
configure:2999: result: yes
configure:3131: checking build system type
configure:3145: result: x86_64-unknown-linux-gnu
configure:3165: checking host system type
configure:3178: result: x86_64-unknown-linux-gnu
configure:3249: checking for gcc
configure:3265: found /usr/bin/gcc
configure:3276: result: gcc
configure:3505: checking for C compiler version
configure:3514: gcc --version >&5
gcc (Ubuntu 4.8.2-19ubuntu1) 4.8.2
Copyright (C) 2013 Free Software Foundation, Inc.
This is free software; see the source for copying conditions.  There is NO
warranty; not even for MERCHANTABILITY or FITNESS FOR A PARTICULAR PURPOSE.

configure:3525: $? = 0
configure:3514: gcc -v >&5
Using built-in specs.
COLLECT_GCC=gcc
COLLECT_LTO_WRAPPER=/usr/lib/gcc/x86_64-linux-gnu/4.8/lto-wrapper
Target: x86_64-linux-gnu
Configured with: ../src/configure -v --with-pkgversion='Ubuntu 4.8.2-19ubuntu1' --with-bugurl=file:///usr/share/doc/gcc-4.8/README.Bugs --enable-languages=c,c++,java,go,d,fortran,objc,obj-c++ --prefix=/usr --program-suffix=-4.8 --enable-shared --enable-linker-build-id --libexecdir=/usr/lib --without-included-gettext --enable-threads=posix --with-gxx-include-dir=/usr/include/c++/4.8 --libdir=/usr/lib --enable-nls --with-sysroot=/ --enable-clocale=gnu --enable-libstdcxx-debug --enable-libstdcxx-time=yes --enable-gnu-unique-object --disable-libmudflap --enable-plugin --with-system-zlib --disable-browser-plugin --enable-java-awt=gtk --enable-gtk-cairo --with-java-home=/usr/lib/jvm/java-1.5.0-gcj-4.8-amd64/jre --enable-java-home --with-jvm-root-dir=/usr/lib/jvm/java-1.5.0-gcj-4.8-amd64 --with-jvm-jar-dir=/usr/lib/jvm-exports/java-1.5.0-gcj-4.8-amd64 --with-arch-directory=amd64 --with-ecj-jar=/usr/share/java/eclipse-ecj.jar --enable-objc-gc --enable-multiarch --disable-werror --with-arch-32=i686 --with-abi=m64 --with-multilib-list=m32,m64,mx32 --with-tune=generic --enable-checking=release --build=x86_64-linux-gnu --host=x86_64-linux-gnu --target=x86_64-linux-gnu
Thread model: posix
gcc version 4.8.2 (Ubuntu 4.8.2-19ubuntu1) 
configure:3525: $? = 0
configure:3514: gcc -V >&5
gcc: error: unrecognized command line option '-V'
gcc: fatal error: no input files
compilation terminated.
configure:3525: $? = 4
configure:3514: gcc -qversion >&5
gcc: error: unrecognized command line option '-qversion'
gcc: fatal error: no input files
compilation terminated.
configure:3525: $? = 4
configure:3545: checking whether the C compiler works
configure:3567: gcc    conftest.c  >&5
configure:3571: $? = 0
configure:3619: result: yes
configure:3622: checking for C compiler default output file name
configure:3624: result: a.out
configure:3630: checking for suffix of executables
configure:3637: gcc -o conftest    conftest.c  >&5
configure:3641: $? = 0
configure:3663: result: 
configure:3685: checking whether we are cross compiling
configure:3693: gcc -o conftest    conftest.c  >&5
configure:3697: $? = 0
configure:3704: ./conftest
configure:3708: $? = 0
configure:3723: result: no
configure:3728: checking for suffix of object files
configure:3750: gcc -c   conftest.c >&5
configure:3754: $? = 0
configure:3775: result: o
configure:3779: checking whether we are using the GNU C compiler
configure:3798: gcc -c   conftest.c >&5
configure:3798: $? = 0
configure:3807: result: yes
configure:3816: checking whether gcc accepts -g
configure:3836: gcc -c -g  conftest.c >&5
configure:3836: $? = 0
configure:3877: result: yes
configure:3894: checking for gcc option to accept ISO C89
configure:3957: gcc  -c -g -O2  conftest.c >&5
configure:3957: $? = 0
configure:3970: result: none needed
configure:3995: checking whether gcc understands -c and -o together
configure:4017: gcc -c conftest.c -o conftest2.o
configure:4020: $? = 0
configure:4017: gcc -c conftest.c -o conftest2.o
configure:4020: $? = 0
configure:4032: result: yes
configure:4060: checking for style of include used by make
configure:4088: result: GNU
configure:4114: checking dependency style of gcc
configure:4225: result: gcc3
configure:4298: checking for g++
configure:4314: found /usr/bin/g++
configure:4325: result: g++
configure:4352: checking for C++ compiler version
configure:4361: g++ --version >&5
g++ (Ubuntu 4.8.2-19ubuntu1) 4.8.2
Copyright (C) 2013 Free Software Foundation, Inc.
This is free software; see the source for copying conditions.  There is NO
warranty; not even for MERCHANTABILITY or FITNESS FOR A PARTICULAR PURPOSE.

configure:4372: $? = 0
configure:4361: g++ -v >&5
Using built-in specs.
COLLECT_GCC=g++
COLLECT_LTO_WRAPPER=/usr/lib/gcc/x86_64-linux-gnu/4.8/lto-wrapper
Target: x86_64-linux-gnu
Configured with: ../src/configure -v --with-pkgversion='Ubuntu 4.8.2-19ubuntu1' --with-bugurl=file:///usr/share/doc/gcc-4.8/README.Bugs --enable-languages=c,c++,java,go,d,fortran,objc,obj-c++ --prefix=/usr --program-suffix=-4.8 --enable-shared --enable-linker-build-id --libexecdir=/usr/lib --without-included-gettext --enable-threads=posix --with-gxx-include-dir=/usr/include/c++/4.8 --libdir=/usr/lib --enable-nls --with-sysroot=/ --enable-clocale=gnu --enable-libstdcxx-debug --enable-libstdcxx-time=yes --enable-gnu-unique-object --disable-libmudflap --enable-plugin --with-system-zlib --disable-browser-plugin --enable-java-awt=gtk --enable-gtk-cairo --with-java-home=/usr/lib/jvm/java-1.5.0-gcj-4.8-amd64/jre --enable-java-home --with-jvm-root-dir=/usr/lib/jvm/java-1.5.0-gcj-4.8-amd64 --with-jvm-jar-dir=/usr/lib/jvm-exports/java-1.5.0-gcj-4.8-amd64 --with-arch-directory=amd64 --with-ecj-jar=/usr/share/java/eclipse-ecj.jar --enable-objc-gc --enable-multiarch --disable-werror --with-arch-32=i686 --with-abi=m64 --with-multilib-list=m32,m64,mx32 --with-tune=generic --enable-checking=release --build=x86_64-linux-gnu --host=x86_64-linux-gnu --target=x86_64-linux-gnu
Thread model: posix
gcc version 4.8.2 (Ubuntu 4.8.2-19ubuntu1) 
configure:4372: $? = 0
configure:4361: g++ -V >&5
g++: error: unrecognized command line option '-V'
g++: fatal error: no input files
compilation terminated.
configure:4372: $? = 4
configure:4361: g++ -qversion >&5
g++: error: unrecognized command line option '-qversion'
g++: fatal error: no input files
compilation terminated.
configure:4372: $? = 4
configure:4376: checking whether we are using the GNU C++ compiler
configure:4395: g++ -c   conftest.cpp >&5
configure:4395: $? = 0
configure:4404: result: yes
configure:4413: checking whether g++ accepts -g
configure:4433: g++ -c -g  conftest.cpp >&5
configure:4433: $? = 0
configure:4474: result: yes
configure:4499: checking dependency style of g++
configure:4610: result: gcc3
configure:4674: checking how to print strings
configure:4701: result: printf
configure:4722: checking for a sed that does not truncate output
configure:4786: result: /bin/sed
configure:4804: checking for grep that handles long lines and -e
configure:4862: result: /bin/grep
configure:4867: checking for egrep
configure:4929: result: /bin/grep -E
configure:4934: checking for fgrep
configure:4996: result: /bin/grep -F
configure:5031: checking for ld used by gcc
configure:5098: result: /usr/bin/ld
configure:5105: checking if the linker (/usr/bin/ld) is GNU ld
configure:5120: result: yes
configure:5132: checking for BSD- or MS-compatible name lister (nm)
configure:5181: result: /usr/bin/nm -B
configure:5311: checking the name lister (/usr/bin/nm -B) interface
configure:5318: gcc -c -g -O2  conftest.c >&5
configure:5321: /usr/bin/nm -B "conftest.o"
configure:5324: output
0000000000000000 B some_variable
configure:5331: result: BSD nm
configure:5334: checking whether ln -s works
configure:5338: result: yes
configure:5346: checking the maximum length of command line arguments
configure:5477: result: 1572864
configure:5494: checking whether the shell understands some XSI constructs
configure:5504: result: yes
configure:5508: checking whether the shell understands "+="
configure:5514: result: yes
configure:5549: checking how to convert x86_64-unknown-linux-gnu file names to x86_64-unknown-linux-gnu format
configure:5589: result: func_convert_file_noop
configure:5596: checking how to convert x86_64-unknown-linux-gnu file names to toolchain format
configure:5616: result: func_convert_file_noop
configure:5623: checking for /usr/bin/ld option to reload object files
configure:5630: result: -r
configure:5704: checking for objdump
configure:5720: found /usr/bin/objdump
configure:5731: result: objdump
configure:5763: checking how to recognize dependent libraries
configure:5961: result: pass_all
configure:6046: checking for dlltool
configure:6076: result: no
configure:6106: checking how to associate runtime and link libraries
configure:6133: result: printf %s\n
configure:6194: checking for ar
configure:6210: found /usr/bin/ar
configure:6221: result: ar
configure:6258: checking for archiver @FILE support
configure:6275: gcc -c -g -O2  conftest.c >&5
configure:6275: $? = 0
configure:6278: ar cru libconftest.a @conftest.lst >&5
configure:6281: $? = 0
configure:6286: ar cru libconftest.a @conftest.lst >&5
ar: conftest.o: No such file or directory
configure:6289: $? = 1
configure:6301: result: @
configure:6359: checking for strip
configure:6375: found /usr/bin/strip
configure:6386: result: strip
configure:6458: checking for ranlib
configure:6474: found /usr/bin/ranlib
configure:6485: result: ranlib
configure:6587: checking command to parse /usr/bin/nm -B output from gcc object
configure:6707: gcc -c -g -O2  conftest.c >&5
configure:6710: $? = 0
configure:6714: /usr/bin/nm -B conftest.o \| sed -n -e 's/^.*[ ]\([ABCDGIRSTW][ABCDGIRSTW]*\)[ ][ ]*\([_A-Za-z][_A-Za-z0-9]*\)$/\1 \2 \2/p' | sed '/ __gnu_lto/d' \> conftest.nm
configure:6717: $? = 0
configure:6783: gcc -o conftest -g -O2   conftest.c conftstm.o >&5
configure:6786: $? = 0
configure:6824: result: ok
configure:6861: checking for sysroot
configure:6891: result: no
configure:6968: gcc -c -g -O2  conftest.c >&5
configure:6971: $? = 0
configure:7160: checking for mt
configure:7176: found /bin/mt
configure:7187: result: mt
configure:7210: checking if mt is a manifest tool
configure:7216: mt '-?'
configure:7224: result: no
configure:7866: checking how to run the C preprocessor
configure:7897: gcc -E  conftest.c
configure:7897: $? = 0
configure:7911: gcc -E  conftest.c
conftest.c:11:28: fatal error: ac_nonexistent.h: No such file or directory
 #include <ac_nonexistent.h>
                            ^
compilation terminated.
configure:7911: $? = 1
configure: failed program was:
| /* confdefs.h */
| #define PACKAGE_NAME "resiprocate"
| #define PACKAGE_TARNAME "resiprocate"
| #define PACKAGE_VERSION "1.9.0~rc2"
| #define PACKAGE_STRING "resiprocate 1.9.0~rc2"
| #define PACKAGE_BUGREPORT ""
| #define PACKAGE_URL ""
| #define PACKAGE "resiprocate"
| #define VERSION "1.9.0~rc2"
| /* end confdefs.h.  */
| #include <ac_nonexistent.h>
configure:7936: result: gcc -E
configure:7956: gcc -E  conftest.c
configure:7956: $? = 0
configure:7970: gcc -E  conftest.c
conftest.c:11:28: fatal error: ac_nonexistent.h: No such file or directory
 #include <ac_nonexistent.h>
                            ^
compilation terminated.
configure:7970: $? = 1
configure: failed program was:
| /* confdefs.h */
| #define PACKAGE_NAME "resiprocate"
| #define PACKAGE_TARNAME "resiprocate"
| #define PACKAGE_VERSION "1.9.0~rc2"
| #define PACKAGE_STRING "resiprocate 1.9.0~rc2"
| #define PACKAGE_BUGREPORT ""
| #define PACKAGE_URL ""
| #define PACKAGE "resiprocate"
| #define VERSION "1.9.0~rc2"
| /* end confdefs.h.  */
| #include <ac_nonexistent.h>
configure:7999: checking for ANSI C header files
configure:8019: gcc -c -g -O2  conftest.c >&5
configure:8019: $? = 0
configure:8092: gcc -o conftest -g -O2   conftest.c  >&5
configure:8092: $? = 0
configure:8092: ./conftest
configure:8092: $? = 0
configure:8103: result: yes
configure:8116: checking for sys/types.h
configure:8116: gcc -c -g -O2  conftest.c >&5
configure:8116: $? = 0
configure:8116: result: yes
configure:8116: checking for sys/stat.h
configure:8116: gcc -c -g -O2  conftest.c >&5
configure:8116: $? = 0
configure:8116: result: yes
configure:8116: checking for stdlib.h
configure:8116: gcc -c -g -O2  conftest.c >&5
configure:8116: $? = 0
configure:8116: result: yes
configure:8116: checking for string.h
configure:8116: gcc -c -g -O2  conftest.c >&5
configure:8116: $? = 0
configure:8116: result: yes
configure:8116: checking for memory.h
configure:8116: gcc -c -g -O2  conftest.c >&5
configure:8116: $? = 0
configure:8116: result: yes
configure:8116: checking for strings.h
configure:8116: gcc -c -g -O2  conftest.c >&5
configure:8116: $? = 0
configure:8116: result: yes
configure:8116: checking for inttypes.h
configure:8116: gcc -c -g -O2  conftest.c >&5
configure:8116: $? = 0
configure:8116: result: yes
configure:8116: checking for stdint.h
configure:8116: gcc -c -g -O2  conftest.c >&5
configure:8116: $? = 0
configure:8116: result: yes
configure:8116: checking for unistd.h
configure:8116: gcc -c -g -O2  conftest.c >&5
configure:8116: $? = 0
configure:8116: result: yes
configure:8130: checking for dlfcn.h
configure:8130: gcc -c -g -O2  conftest.c >&5
configure:8130: $? = 0
configure:8130: result: yes
configure:8347: checking for objdir
configure:8362: result: .libs
configure:8633: checking if gcc supports -fno-rtti -fno-exceptions
configure:8651: gcc -c -g -O2  -fno-rtti -fno-exceptions conftest.c >&5
cc1: warning: command line option '-fno-rtti' is valid for C++/ObjC++ but not for C [enabled by default]
configure:8655: $? = 0
configure:8668: result: no
configure:8995: checking for gcc option to produce PIC
configure:9002: result: -fPIC -DPIC
configure:9010: checking if gcc PIC flag -fPIC -DPIC works
configure:9028: gcc -c -g -O2  -fPIC -DPIC -DPIC conftest.c >&5
configure:9032: $? = 0
configure:9045: result: yes
configure:9074: checking if gcc static flag -static works
configure:9102: result: yes
configure:9117: checking if gcc supports -c -o file.o
configure:9138: gcc -c -g -O2  -o out/conftest2.o conftest.c >&5
configure:9142: $? = 0
configure:9164: result: yes
configure:9172: checking if gcc supports -c -o file.o
configure:9219: result: yes
configure:9252: checking whether the gcc linker (/usr/bin/ld -m elf_x86_64) supports shared libraries
configure:10409: result: yes
configure:10446: checking whether -lc should be explicitly linked in
configure:10454: gcc -c -g -O2  conftest.c >&5
configure:10457: $? = 0
configure:10472: gcc -shared  -fPIC -DPIC conftest.o  -v -Wl,-soname -Wl,conftest -o conftest 2\>\&1 \| /bin/grep  -lc  \>/dev/null 2\>\&1
configure:10475: $? = 0
configure:10489: result: no
configure:10649: checking dynamic linker characteristics
configure:11149: gcc -o conftest -g -O2   -Wl,-rpath -Wl,/foo conftest.c  >&5
configure:11149: $? = 0
configure:11383: result: GNU/Linux ld.so
configure:11490: checking how to hardcode library paths into programs
configure:11515: result: immediate
configure:12055: checking whether stripping libraries is possible
configure:12060: result: yes
configure:12095: checking if libtool supports shared libraries
configure:12097: result: yes
configure:12100: checking whether to build shared libraries
configure:12121: result: yes
configure:12124: checking whether to build static libraries
configure:12128: result: yes
configure:12151: checking how to run the C++ preprocessor
configure:12178: g++ -E  conftest.cpp
configure:12178: $? = 0
configure:12192: g++ -E  conftest.cpp
conftest.cpp:23:28: fatal error: ac_nonexistent.h: No such file or directory
 #include <ac_nonexistent.h>
                            ^
compilation terminated.
configure:12192: $? = 1
configure: failed program was:
| /* confdefs.h */
| #define PACKAGE_NAME "resiprocate"
| #define PACKAGE_TARNAME "resiprocate"
| #define PACKAGE_VERSION "1.9.0~rc2"
| #define PACKAGE_STRING "resiprocate 1.9.0~rc2"
| #define PACKAGE_BUGREPORT ""
| #define PACKAGE_URL ""
| #define PACKAGE "resiprocate"
| #define VERSION "1.9.0~rc2"
| #define STDC_HEADERS 1
| #define HAVE_SYS_TYPES_H 1
| #define HAVE_SYS_STAT_H 1
| #define HAVE_STDLIB_H 1
| #define HAVE_STRING_H 1
| #define HAVE_MEMORY_H 1
| #define HAVE_STRINGS_H 1
| #define HAVE_INTTYPES_H 1
| #define HAVE_STDINT_H 1
| #define HAVE_UNISTD_H 1
| #define HAVE_DLFCN_H 1
| #define LT_OBJDIR ".libs/"
| /* end confdefs.h.  */
| #include <ac_nonexistent.h>
configure:12217: result: g++ -E
configure:12237: g++ -E  conftest.cpp
configure:12237: $? = 0
configure:12251: g++ -E  conftest.cpp
conftest.cpp:23:28: fatal error: ac_nonexistent.h: No such file or directory
 #include <ac_nonexistent.h>
                            ^
compilation terminated.
configure:12251: $? = 1
configure: failed program was:
| /* confdefs.h */
| #define PACKAGE_NAME "resiprocate"
| #define PACKAGE_TARNAME "resiprocate"
| #define PACKAGE_VERSION "1.9.0~rc2"
| #define PACKAGE_STRING "resiprocate 1.9.0~rc2"
| #define PACKAGE_BUGREPORT ""
| #define PACKAGE_URL ""
| #define PACKAGE "resiprocate"
| #define VERSION "1.9.0~rc2"
| #define STDC_HEADERS 1
| #define HAVE_SYS_TYPES_H 1
| #define HAVE_SYS_STAT_H 1
| #define HAVE_STDLIB_H 1
| #define HAVE_STRING_H 1
| #define HAVE_MEMORY_H 1
| #define HAVE_STRINGS_H 1
| #define HAVE_INTTYPES_H 1
| #define HAVE_STDINT_H 1
| #define HAVE_UNISTD_H 1
| #define HAVE_DLFCN_H 1
| #define LT_OBJDIR ".libs/"
| /* end confdefs.h.  */
| #include <ac_nonexistent.h>
configure:12420: checking for ld used by g++
configure:12487: result: /usr/bin/ld -m elf_x86_64
configure:12494: checking if the linker (/usr/bin/ld -m elf_x86_64) is GNU ld
configure:12509: result: yes
configure:12564: checking whether the g++ linker (/usr/bin/ld -m elf_x86_64) supports shared libraries
configure:13566: result: yes
configure:13602: g++ -c -g -O2  conftest.cpp >&5
configure:13605: $? = 0
configure:14125: checking for g++ option to produce PIC
configure:14132: result: -fPIC -DPIC
configure:14140: checking if g++ PIC flag -fPIC -DPIC works
configure:14158: g++ -c -g -O2  -fPIC -DPIC -DPIC conftest.cpp >&5
configure:14162: $? = 0
configure:14175: result: yes
configure:14198: checking if g++ static flag -static works
configure:14226: result: yes
configure:14238: checking if g++ supports -c -o file.o
configure:14259: g++ -c -g -O2  -o out/conftest2.o conftest.cpp >&5
configure:14263: $? = 0
configure:14285: result: yes
configure:14290: checking if g++ supports -c -o file.o
configure:14337: result: yes
configure:14367: checking whether the g++ linker (/usr/bin/ld -m elf_x86_64) supports shared libraries
configure:14406: result: yes
configure:14547: checking dynamic linker characteristics
configure:15215: result: GNU/Linux ld.so
configure:15268: checking how to hardcode library paths into programs
configure:15293: result: immediate
configure:15355: checking for a sed that does not truncate output
configure:15419: result: /bin/sed
configure:15425: checking whether make sets $(MAKE)
configure:15447: result: yes
configure:15499: checking for ranlib
configure:15526: result: ranlib
configure:15553: checking  for GNU warning flags
configure:15558: result: yes
configure:15647: checking whether byte ordering is bigendian
configure:15662: gcc -c -g -O2 -Wall -Wno-deprecated  conftest.c >&5
conftest.c:28:9: error: unknown type name 'not'
         not a universal capable compiler
         ^
conftest.c:28:15: error: expected '=', ',', ';', 'asm' or '__attribute__' before 'universal'
         not a universal capable compiler
               ^
conftest.c:28:15: error: unknown type name 'universal'
configure:15662: $? = 1
configure: failed program was:
| /* confdefs.h */
| #define PACKAGE_NAME "resiprocate"
| #define PACKAGE_TARNAME "resiprocate"
| #define PACKAGE_VERSION "1.9.0~rc2"
| #define PACKAGE_STRING "resiprocate 1.9.0~rc2"
| #define PACKAGE_BUGREPORT ""
| #define PACKAGE_URL ""
| #define PACKAGE "resiprocate"
| #define VERSION "1.9.0~rc2"
| #define STDC_HEADERS 1
| #define HAVE_SYS_TYPES_H 1
| #define HAVE_SYS_STAT_H 1
| #define HAVE_STDLIB_H 1
| #define HAVE_STRING_H 1
| #define HAVE_MEMORY_H 1
| #define HAVE_STRINGS_H 1
| #define HAVE_INTTYPES_H 1
| #define HAVE_STDINT_H 1
| #define HAVE_UNISTD_H 1
| #define HAVE_DLFCN_H 1
| #define LT_OBJDIR ".libs/"
| #define OS_MAJOR_VER 3
| #define OS_MINOR_VER 13
| #define OS_POINT_VER 0
| #define OS_PATCH_VER 0
| /* end confdefs.h.  */
| #ifndef __APPLE_CC__
| 	       not a universal capable compiler
| 	     #endif
| 	     typedef int dummy;
| 
configure:15707: gcc -c -g -O2 -Wall -Wno-deprecated  conftest.c >&5
configure:15707: $? = 0
configure:15725: gcc -c -g -O2 -Wall -Wno-deprecated  conftest.c >&5
conftest.c: In function 'main':
conftest.c:34:4: error: unknown type name 'not'
    not big endian
    ^
conftest.c:34:12: error: expected '=', ',', ';', 'asm' or '__attribute__' before 'endian'
    not big endian
            ^
configure:15725: $? = 1
configure: failed program was:
| /* confdefs.h */
| #define PACKAGE_NAME "resiprocate"
| #define PACKAGE_TARNAME "resiprocate"
| #define PACKAGE_VERSION "1.9.0~rc2"
| #define PACKAGE_STRING "resiprocate 1.9.0~rc2"
| #define PACKAGE_BUGREPORT ""
| #define PACKAGE_URL ""
| #define PACKAGE "resiprocate"
| #define VERSION "1.9.0~rc2"
| #define STDC_HEADERS 1
| #define HAVE_SYS_TYPES_H 1
| #define HAVE_SYS_STAT_H 1
| #define HAVE_STDLIB_H 1
| #define HAVE_STRING_H 1
| #define HAVE_MEMORY_H 1
| #define HAVE_STRINGS_H 1
| #define HAVE_INTTYPES_H 1
| #define HAVE_STDINT_H 1
| #define HAVE_UNISTD_H 1
| #define HAVE_DLFCN_H 1
| #define LT_OBJDIR ".libs/"
| #define OS_MAJOR_VER 3
| #define OS_MINOR_VER 13
| #define OS_POINT_VER 0
| #define OS_PATCH_VER 0
| /* end confdefs.h.  */
| #include <sys/types.h>
| 		#include <sys/param.h>
| 
| int
| main ()
| {
| #if BYTE_ORDER != BIG_ENDIAN
| 		 not big endian
| 		#endif
| 
|   ;
|   return 0;
| }
configure:15853: result: no
configure:15878: checking for struct sockaddr_in.sin_len
configure:15878: gcc -c -g -O2 -Wall -Wno-deprecated  -DRESIP_OSTYPE_LINUX -DRESIP_ARCH_X86_64 -DRESIP_LARCH_ -D_REENTRANT -DRESIP_TOOLCHAIN_GNU conftest.c >&5
conftest.c: In function 'main':
conftest.c:33:12: error: 'struct sockaddr_in' has no member named 'sin_len'
 if (ac_aggr.sin_len)
            ^
conftest.c:32:27: warning: variable 'ac_aggr' set but not used [-Wunused-but-set-variable]
 static struct sockaddr_in ac_aggr;
                           ^
configure:15878: $? = 1
configure: failed program was:
| /* confdefs.h */
| #define PACKAGE_NAME "resiprocate"
| #define PACKAGE_TARNAME "resiprocate"
| #define PACKAGE_VERSION "1.9.0~rc2"
| #define PACKAGE_STRING "resiprocate 1.9.0~rc2"
| #define PACKAGE_BUGREPORT ""
| #define PACKAGE_URL ""
| #define PACKAGE "resiprocate"
| #define VERSION "1.9.0~rc2"
| #define STDC_HEADERS 1
| #define HAVE_SYS_TYPES_H 1
| #define HAVE_SYS_STAT_H 1
| #define HAVE_STDLIB_H 1
| #define HAVE_STRING_H 1
| #define HAVE_MEMORY_H 1
| #define HAVE_STRINGS_H 1
| #define HAVE_INTTYPES_H 1
| #define HAVE_STDINT_H 1
| #define HAVE_UNISTD_H 1
| #define HAVE_DLFCN_H 1
| #define LT_OBJDIR ".libs/"
| #define OS_MAJOR_VER 3
| #define OS_MINOR_VER 13
| #define OS_POINT_VER 0
| #define OS_PATCH_VER 0
| /* end confdefs.h.  */
| #include <arpa/inet.h>
| 
| int
| main ()
| {
| static struct sockaddr_in ac_aggr;
| if (ac_aggr.sin_len)
| return 0;
|   ;
|   return 0;
| }
configure:15878: gcc -c -g -O2 -Wall -Wno-deprecated  -DRESIP_OSTYPE_LINUX -DRESIP_ARCH_X86_64 -DRESIP_LARCH_ -D_REENTRANT -DRESIP_TOOLCHAIN_GNU conftest.c >&5
conftest.c: In function 'main':
conftest.c:33:19: error: 'struct sockaddr_in' has no member named 'sin_len'
 if (sizeof ac_aggr.sin_len)
                   ^
conftest.c:32:27: warning: variable 'ac_aggr' set but not used [-Wunused-but-set-variable]
 static struct sockaddr_in ac_aggr;
                           ^
configure:15878: $? = 1
configure: failed program was:
| /* confdefs.h */
| #define PACKAGE_NAME "resiprocate"
| #define PACKAGE_TARNAME "resiprocate"
| #define PACKAGE_VERSION "1.9.0~rc2"
| #define PACKAGE_STRING "resiprocate 1.9.0~rc2"
| #define PACKAGE_BUGREPORT ""
| #define PACKAGE_URL ""
| #define PACKAGE "resiprocate"
| #define VERSION "1.9.0~rc2"
| #define STDC_HEADERS 1
| #define HAVE_SYS_TYPES_H 1
| #define HAVE_SYS_STAT_H 1
| #define HAVE_STDLIB_H 1
| #define HAVE_STRING_H 1
| #define HAVE_MEMORY_H 1
| #define HAVE_STRINGS_H 1
| #define HAVE_INTTYPES_H 1
| #define HAVE_STDINT_H 1
| #define HAVE_UNISTD_H 1
| #define HAVE_DLFCN_H 1
| #define LT_OBJDIR ".libs/"
| #define OS_MAJOR_VER 3
| #define OS_MINOR_VER 13
| #define OS_POINT_VER 0
| #define OS_PATCH_VER 0
| /* end confdefs.h.  */
| #include <arpa/inet.h>
| 
| int
| main ()
| {
| static struct sockaddr_in ac_aggr;
| if (sizeof ac_aggr.sin_len)
| return 0;
|   ;
|   return 0;
| }
configure:15878: result: no
configure:16557: checking for pkg-config
configure:16575: found /usr/bin/pkg-config
configure:16587: result: /usr/bin/pkg-config
configure:16612: checking pkg-config is at least version 0.9.0
configure:16615: result: yes
configure:16741: checking for library containing gethostbyname
configure:16772: gcc -o conftest -g -O2 -Wall -Wno-deprecated  -DRESIP_OSTYPE_LINUX -DRESIP_ARCH_X86_64 -DRESIP_LARCH_ -D_REENTRANT -DRESIP_TOOLCHAIN_GNU  -L/emc/andrei1/test/udt-git/resiprocate/rutil/dns/ares conftest.c  >&5
configure:16772: $? = 0
configure:16789: result: none required
configure:16797: checking for library containing socket
configure:16828: gcc -o conftest -g -O2 -Wall -Wno-deprecated  -DRESIP_OSTYPE_LINUX -DRESIP_ARCH_X86_64 -DRESIP_LARCH_ -D_REENTRANT -DRESIP_TOOLCHAIN_GNU  -L/emc/andrei1/test/udt-git/resiprocate/rutil/dns/ares conftest.c  >&5
configure:16828: $? = 0
configure:16845: result: none required
configure:16855: checking whether time.h and sys/time.h may both be included
configure:16875: gcc -c -g -O2 -Wall -Wno-deprecated  -DRESIP_OSTYPE_LINUX -DRESIP_ARCH_X86_64 -DRESIP_LARCH_ -D_REENTRANT -DRESIP_TOOLCHAIN_GNU conftest.c >&5
configure:16875: $? = 0
configure:16882: result: yes
configure:16894: checking for sys/types.h
configure:16894: result: yes
configure:16894: checking sys/time.h usability
configure:16894: gcc -c -g -O2 -Wall -Wno-deprecated  -DRESIP_OSTYPE_LINUX -DRESIP_ARCH_X86_64 -DRESIP_LARCH_ -D_REENTRANT -DRESIP_TOOLCHAIN_GNU conftest.c >&5
configure:16894: $? = 0
configure:16894: result: yes
configure:16894: checking sys/time.h presence
configure:16894: gcc -E  -DRESIP_OSTYPE_LINUX -DRESIP_ARCH_X86_64 -DRESIP_LARCH_ -D_REENTRANT -DRESIP_TOOLCHAIN_GNU conftest.c
configure:16894: $? = 0
configure:16894: result: yes
configure:16894: checking for sys/time.h
configure:16894: result: yes
configure:16894: checking time.h usability
configure:16894: gcc -c -g -O2 -Wall -Wno-deprecated  -DRESIP_OSTYPE_LINUX -DRESIP_ARCH_X86_64 -DRESIP_LARCH_ -D_REENTRANT -DRESIP_TOOLCHAIN_GNU conftest.c >&5
configure:16894: $? = 0
configure:16894: result: yes
configure:16894: checking time.h presence
configure:16894: gcc -E  -DRESIP_OSTYPE_LINUX -DRESIP_ARCH_X86_64 -DRESIP_LARCH_ -D_REENTRANT -DRESIP_TOOLCHAIN_GNU conftest.c
configure:16894: $? = 0
configure:16894: result: yes
configure:16894: checking for time.h
configure:16894: result: yes
configure:16904: checking for monotonic clock_gettime
configure:16936: gcc -c -g -O2 -Wall -Wno-deprecated  -DRESIP_OSTYPE_LINUX -DRESIP_ARCH_X86_64 -DRESIP_LARCH_ -D_REENTRANT -DRESIP_TOOLCHAIN_GNU conftest.c >&5
configure:16936: $? = 0
configure:16938: result: yes
configure:16955: checking for clock_gettime in libraries
configure:16998: gcc -o conftest -g -O2 -Wall -Wno-deprecated  -DRESIP_OSTYPE_LINUX -DRESIP_ARCH_X86_64 -DRESIP_LARCH_ -D_REENTRANT -DRESIP_TOOLCHAIN_GNU  -L/emc/andrei1/test/udt-git/resiprocate/rutil/dns/ares conftest.c  >&5
configure:16998: $? = 0
configure:17019: result: no additional lib required
configure:17037: checking if monotonic clock_gettime works
configure:17081: gcc -o conftest -g -O2 -Wall -Wno-deprecated  -DRESIP_OSTYPE_LINUX -DRESIP_ARCH_X86_64 -DRESIP_LARCH_ -D_REENTRANT -DRESIP_TOOLCHAIN_GNU  -L/emc/andrei1/test/udt-git/resiprocate/rutil/dns/ares conftest.c  >&5
configure:17081: $? = 0
configure:17081: ./conftest
configure:17081: $? = 0
configure:17083: result: yes
configure:17117: checking linux/version.h usability
configure:17117: gcc -c -g -O2 -Wall -Wno-deprecated  -DRESIP_OSTYPE_LINUX -DRESIP_ARCH_X86_64 -DRESIP_LARCH_ -D_REENTRANT -DRESIP_TOOLCHAIN_GNU conftest.c >&5
configure:17117: $? = 0
configure:17117: result: yes
configure:17117: checking linux/version.h presence
configure:17117: gcc -E  -DRESIP_OSTYPE_LINUX -DRESIP_ARCH_X86_64 -DRESIP_LARCH_ -D_REENTRANT -DRESIP_TOOLCHAIN_GNU conftest.c
configure:17117: $? = 0
configure:17117: result: yes
configure:17117: checking for linux/version.h
configure:17117: result: yes
configure:17123: checking for Linux epoll(7) interface
configure:17149: gcc -o conftest -g -O2 -Wall -Wno-deprecated  -DRESIP_OSTYPE_LINUX -DRESIP_ARCH_X86_64 -DRESIP_LARCH_ -D_REENTRANT -DRESIP_TOOLCHAIN_GNU -DHAVE_LINUX_VERSION_H  -L/emc/andrei1/test/udt-git/resiprocate/rutil/dns/ares conftest.c  >&5
conftest.c: In function 'main':
conftest.c:49:9: warning: variable 'rc' set but not used [-Wunused-but-set-variable]
 int fd, rc;
         ^
configure:17149: $? = 0
configure:17160: result: yes
configure:17175: checking whether to enable maintainer-specific portions of Makefiles
configure:17184: result: no
configure:17308: checking that generated files are newer than configure
configure:17314: result: done
configure:17478: creating ./config.status

## ---------------------- ##
## Running config.status. ##
## ---------------------- ##

This file was extended by resiprocate config.status 1.9.0~rc2, which was
generated by GNU Autoconf 2.69.  Invocation command line was

  CONFIG_FILES    = 
  CONFIG_HEADERS  = 
  CONFIG_LINKS    = 
  CONFIG_COMMANDS = 
  $ ./config.status 

on vip216

config.status:1251: creating Makefile
config.status:1251: creating rutil/dns/ares/Makefile
config.status:1251: creating rutil/Makefile
config.status:1251: creating rutil/test/Makefile
config.status:1251: creating resip/Makefile
config.status:1251: creating resip/stack/Makefile
config.status:1251: creating resip/stack/test/Makefile
config.status:1251: creating resip/dum/Makefile
config.status:1251: creating resip/dum/test/Makefile
config.status:1251: creating resip/certs/Makefile
config.status:1251: creating resip/rend/Makefile
config.status:1251: creating repro/Makefile
config.status:1251: creating repro/accountingconsumers/Makefile
config.status:1251: creating repro/reprocmd/Makefile
config.status:1251: creating repro/test/Makefile
config.status:1251: creating repro/plugins/Makefile
config.status:1251: creating repro/plugins/example/Makefile
config.status:1251: creating repro/plugins/pyroute/Makefile
config.status:1251: creating tfm/Makefile
config.status:1251: creating tfm/repro/Makefile
config.status:1251: creating tfm/tfdum/Makefile
config.status:1251: creating apps/Makefile
config.status:1251: creating apps/clicktocall/Makefile
config.status:1251: creating apps/clicktocall/test/Makefile
config.status:1251: creating apps/ichat-gw/Makefile
config.status:1251: creating apps/ichat-gw/jabberconnector/Makefile
config.status:1251: creating apps/sipdial/Makefile
config.status:1251: creating resiprocate.spec
config.status:1251: creating reTurn/Makefile
config.status:1251: creating reTurn/test/Makefile
config.status:1251: creating reTurn/client/Makefile
config.status:1251: creating reTurn/client/test/Makefile
config.status:1251: creating reflow/Makefile
config.status:1251: creating resip/recon/Makefile
config.status:1251: creating resip/recon/MOHParkServer/Makefile
config.status:1251: creating resip/recon/test/Makefile
config.status:1251: creating presSvr/Makefile
config.status:1251: creating p2p/s2c/s2c/Makefile
config.status:1251: creating p2p/Makefile
config.status:1251: creating config.h
config.status:1432: config.h is unchanged
config.status:1480: executing depfiles commands
config.status:1480: executing libtool commands

## ---------------- ##
## Cache variables. ##
## ---------------- ##

ac_cv_build=x86_64-unknown-linux-gnu
ac_cv_c_bigendian=no
ac_cv_c_compiler_gnu=yes
ac_cv_cxx_compiler_gnu=yes
ac_cv_env_CCC_set=
ac_cv_env_CCC_value=
ac_cv_env_CC_set=
ac_cv_env_CC_value=
ac_cv_env_CFLAGS_set=
ac_cv_env_CFLAGS_value=
ac_cv_env_CPPFLAGS_set=
ac_cv_env_CPPFLAGS_value=
ac_cv_env_CPP_set=
ac_cv_env_CPP_value=
ac_cv_env_CXXCPP_set=
ac_cv_env_CXXCPP_value=
ac_cv_env_CXXFLAGS_set=
ac_cv_env_CXXFLAGS_value=
ac_cv_env_CXX_set=
ac_cv_env_CXX_value=
ac_cv_env_DEPS_PYTHON_CFLAGS_set=
ac_cv_env_DEPS_PYTHON_CFLAGS_value=
ac_cv_env_DEPS_PYTHON_LIBS_set=
ac_cv_env_DEPS_PYTHON_LIBS_value=
ac_cv_env_LDFLAGS_set=
ac_cv_env_LDFLAGS_value=
ac_cv_env_LIBS_set=
ac_cv_env_LIBS_value=
ac_cv_env_PKG_CONFIG_LIBDIR_set=
ac_cv_env_PKG_CONFIG_LIBDIR_value=
ac_cv_env_PKG_CONFIG_PATH_set=
ac_cv_env_PKG_CONFIG_PATH_value=
ac_cv_env_PKG_CONFIG_set=
ac_cv_env_PKG_CONFIG_value=
ac_cv_env_build_alias_set=
ac_cv_env_build_alias_value=
ac_cv_env_host_alias_set=
ac_cv_env_host_alias_value=
ac_cv_env_target_alias_set=
ac_cv_env_target_alias_value=
ac_cv_func_clock_gettime=yes
ac_cv_header_dlfcn_h=yes
ac_cv_header_inttypes_h=yes
ac_cv_header_linux_version_h=yes
ac_cv_header_memory_h=yes
ac_cv_header_stdc=yes
ac_cv_header_stdint_h=yes
ac_cv_header_stdlib_h=yes
ac_cv_header_string_h=yes
ac_cv_header_strings_h=yes
ac_cv_header_sys_stat_h=yes
ac_cv_header_sys_time_h=yes
ac_cv_header_sys_types_h=yes
ac_cv_header_time=yes
ac_cv_header_time_h=yes
ac_cv_header_unistd_h=yes
ac_cv_host=x86_64-unknown-linux-gnu
ac_cv_member_struct_sockaddr_in_sin_len=no
ac_cv_objext=o
ac_cv_path_EGREP='/bin/grep -E'
ac_cv_path_FGREP='/bin/grep -F'
ac_cv_path_GREP=/bin/grep
ac_cv_path_SED=/bin/sed
ac_cv_path_ac_pt_PKG_CONFIG=/usr/bin/pkg-config
ac_cv_path_install='/usr/bin/install -c'
ac_cv_path_mkdir=/bin/mkdir
ac_cv_prog_AWK=gawk
ac_cv_prog_CPP='gcc -E'
ac_cv_prog_CXXCPP='g++ -E'
ac_cv_prog_ac_ct_AR=ar
ac_cv_prog_ac_ct_CC=gcc
ac_cv_prog_ac_ct_CXX=g++
ac_cv_prog_ac_ct_MANIFEST_TOOL=mt
ac_cv_prog_ac_ct_OBJDUMP=objdump
ac_cv_prog_ac_ct_RANLIB=ranlib
ac_cv_prog_ac_ct_STRIP=strip
ac_cv_prog_cc_c89=
ac_cv_prog_cc_g=yes
ac_cv_prog_cxx_g=yes
ac_cv_prog_make_make_set=yes
ac_cv_search_gethostbyname='none required'
ac_cv_search_socket='none required'
am_cv_CC_dependencies_compiler_type=gcc3
am_cv_CXX_dependencies_compiler_type=gcc3
am_cv_make_support_nested_variables=yes
am_cv_prog_cc_c_o=yes
ax_cv_have_epoll=yes
curl_cv_gclk_LIBS=
curl_cv_save_LIBS=
lt_cv_ar_at_file=@
lt_cv_archive_cmds_need_lc=no
lt_cv_deplibs_check_method=pass_all
lt_cv_file_magic_cmd='$MAGIC_CMD'
lt_cv_file_magic_test_file=
lt_cv_ld_reload_flag=-r
lt_cv_nm_interface='BSD nm'
lt_cv_objdir=.libs
lt_cv_path_LD=/usr/bin/ld
lt_cv_path_LDCXX='/usr/bin/ld -m elf_x86_64'
lt_cv_path_NM='/usr/bin/nm -B'
lt_cv_path_mainfest_tool=no
lt_cv_prog_compiler_c_o=yes
lt_cv_prog_compiler_c_o_CXX=yes
lt_cv_prog_compiler_pic='-fPIC -DPIC'
lt_cv_prog_compiler_pic_CXX='-fPIC -DPIC'
lt_cv_prog_compiler_pic_works=yes
lt_cv_prog_compiler_pic_works_CXX=yes
lt_cv_prog_compiler_rtti_exceptions=no
lt_cv_prog_compiler_static_works=yes
lt_cv_prog_compiler_static_works_CXX=yes
lt_cv_prog_gnu_ld=yes
lt_cv_prog_gnu_ldcxx=yes
lt_cv_sharedlib_from_linklib_cmd='printf %s\n'
lt_cv_shlibpath_overrides_runpath=no
lt_cv_sys_global_symbol_pipe='sed -n -e '\''s/^.*[	 ]\([ABCDGIRSTW][ABCDGIRSTW]*\)[	 ][	 ]*\([_A-Za-z][_A-Za-z0-9]*\)$/\1 \2 \2/p'\'' | sed '\''/ __gnu_lto/d'\'''
lt_cv_sys_global_symbol_to_c_name_address='sed -n -e '\''s/^: \([^ ]*\)[ ]*$/  {\"\1\", (void *) 0},/p'\'' -e '\''s/^[ABCDGIRSTW]* \([^ ]*\) \([^ ]*\)$/  {"\2", (void *) \&\2},/p'\'''
lt_cv_sys_global_symbol_to_c_name_address_lib_prefix='sed -n -e '\''s/^: \([^ ]*\)[ ]*$/  {\"\1\", (void *) 0},/p'\'' -e '\''s/^[ABCDGIRSTW]* \([^ ]*\) \(lib[^ ]*\)$/  {"\2", (void *) \&\2},/p'\'' -e '\''s/^[ABCDGIRSTW]* \([^ ]*\) \([^ ]*\)$/  {"lib\2", (void *) \&\2},/p'\'''
lt_cv_sys_global_symbol_to_cdecl='sed -n -e '\''s/^T .* \(.*\)$/extern int \1();/p'\'' -e '\''s/^[ABCDGIRSTW]* .* \(.*\)$/extern char \1;/p'\'''
lt_cv_sys_max_cmd_len=1572864
lt_cv_to_host_file_cmd=func_convert_file_noop
lt_cv_to_tool_file_cmd=func_convert_file_noop

## ----------------- ##
## Output variables. ##
## ----------------- ##

ACLOCAL='${SHELL} /emc/andrei1/test/udt-git/resiprocate/build-aux/missing aclocal-1.14'
AMDEPBACKSLASH='\'
AMDEP_FALSE='#'
AMDEP_TRUE=''
AMTAR='$${TAR-tar}'
AM_BACKSLASH='\'
AM_DEFAULT_V='$(AM_DEFAULT_VERBOSITY)'
AM_DEFAULT_VERBOSITY='1'
AM_V='$(V)'
AR='ar'
AUTOCONF='${SHELL} /emc/andrei1/test/udt-git/resiprocate/build-aux/missing autoconf'
AUTOHEADER='${SHELL} /emc/andrei1/test/udt-git/resiprocate/build-aux/missing autoheader'
AUTOMAKE='${SHELL} /emc/andrei1/test/udt-git/resiprocate/build-aux/missing automake-1.14'
AWK='gawk'
BUILD_APPS_FALSE=''
BUILD_APPS_TRUE='#'
BUILD_ICHAT_GW_FALSE=''
BUILD_ICHAT_GW_TRUE='#'
BUILD_P2P_FALSE=''
BUILD_P2P_TRUE='#'
BUILD_PYTHON_FALSE=''
BUILD_PYTHON_TRUE='#'
BUILD_RECON_FALSE=''
BUILD_RECON_TRUE='#'
BUILD_REND_FALSE=''
BUILD_REND_TRUE='#'
BUILD_REPRO_DSO_PLUGINS_FALSE=''
BUILD_REPRO_DSO_PLUGINS_TRUE='#'
BUILD_REPRO_FALSE=''
BUILD_REPRO_TRUE='#'
BUILD_TFM_FALSE=''
BUILD_TFM_TRUE='#'
CC='gcc'
CCDEPMODE='depmode=gcc3'
CFLAGS='-g -O2 -Wall -Wno-deprecated'
CPP='gcc -E'
CPPFLAGS=' -DRESIP_OSTYPE_LINUX -DRESIP_ARCH_X86_64 -DRESIP_LARCH_ -D_REENTRANT -DRESIP_TOOLCHAIN_GNU'
CXX='g++'
CXXCPP='g++ -E'
CXXDEPMODE='depmode=gcc3'
CXXFLAGS='-g -O2 -Wall -Wno-deprecated -I/emc/andrei1/test/udt-git/resiprocate/rutil/dns/ares'
CYGPATH_W='echo'
DEFS='-DHAVE_CONFIG_H'
DEPDIR='.deps'
DEPS_PYTHON_CFLAGS=''
DEPS_PYTHON_LIBS=''
DLLTOOL='false'
DSYMUTIL=''
DUMPBIN=''
ECHO_C=''
ECHO_N='-n'
ECHO_T=''
EGREP='/bin/grep -E'
EXEEXT=''
FGREP='/bin/grep -F'
GPERF='${SHELL} /emc/andrei1/test/udt-git/resiprocate/build-aux/missing gperf'
GREP='/bin/grep'
INSTALL_DATA='${INSTALL} -m 644'
INSTALL_PROGRAM='${INSTALL}'
INSTALL_SCRIPT='${INSTALL}'
INSTALL_STRIP_PROGRAM='$(install_sh) -c -s'
LD='/usr/bin/ld -m elf_x86_64'
LDFLAGS=' -L/emc/andrei1/test/udt-git/resiprocate/rutil/dns/ares'
LIBARES_LIBADD='/emc/andrei1/test/udt-git/resiprocate/rutil/dns/ares/libresipares.la'
LIBGEOIP_LIBADD=''
LIBLOG_LIBADD=''
LIBMYSQL_LIBADD=''
LIBOBJS=''
LIBPOPT_LIBADD=''
LIBPTHREAD_LIBADD='-lpthread'
LIBRADIUS_LIBADD=''
LIBS=''
LIBSSL_LIBADD=''
LIBSTL_LIBADD=''
LIBTOOL='$(SHELL) $(top_builddir)/libtool'
LIBTOOL_VERSION_RELEASE='-release 1.9'
LIPO=''
LN_S='ln -s'
LTLIBOBJS=''
MAINT='#'
MAINTAINER_MODE_FALSE=''
MAINTAINER_MODE_TRUE='#'
MAKEINFO='${SHELL} /emc/andrei1/test/udt-git/resiprocate/build-aux/missing makeinfo'
MANIFEST_TOOL=':'
MKDIR_P='/bin/mkdir -p'
NM='/usr/bin/nm -B'
NMEDIT=''
OBJDUMP='objdump'
OBJEXT='o'
OTOOL64=''
OTOOL=''
PACKAGE='resiprocate'
PACKAGE_BUGREPORT=''
PACKAGE_NAME='resiprocate'
PACKAGE_STRING='resiprocate 1.9.0~rc2'
PACKAGE_TARNAME='resiprocate'
PACKAGE_URL=''
PACKAGE_VERSION='1.9.0~rc2'
PATH_SEPARATOR=':'
PKG_CONFIG='/usr/bin/pkg-config'
PKG_CONFIG_LIBDIR=''
PKG_CONFIG_PATH=''
PYCXX_SRCDIR=''
RANLIB='ranlib'
SED='/bin/sed'
SET_MAKE=''
SHELL='/bin/bash'
SO_RELEASE='1.9'
STRIP='strip'
USE_ARES_FALSE='#'
USE_ARES_TRUE=''
USE_CARES_FALSE=''
USE_CARES_TRUE='#'
USE_MAXMIND_GEOIP_FALSE=''
USE_MAXMIND_GEOIP_TRUE='#'
USE_MYSQL_FALSE=''
USE_MYSQL_TRUE='#'
USE_POPT_FALSE=''
USE_POPT_TRUE='#'
USE_RADIUS_CLIENT_FALSE=''
USE_RADIUS_CLIENT_TRUE='#'
USE_SSL_FALSE=''
USE_SSL_TRUE='#'
VERSION='1.9.0~rc2'
ac_ct_AR='ar'
ac_ct_CC='gcc'
ac_ct_CXX='g++'
ac_ct_DUMPBIN=''
am__EXEEXT_FALSE=''
am__EXEEXT_TRUE='#'
am__fastdepCC_FALSE='#'
am__fastdepCC_TRUE=''
am__fastdepCXX_FALSE='#'
am__fastdepCXX_TRUE=''
am__include='include'
am__isrc=''
am__leading_dot='.'
am__nodep='_no'
am__quote=''
am__tar='$${TAR-tar} chof - "$$tardir"'
am__untar='$${TAR-tar} xf -'
bindir='${exec_prefix}/bin'
build='x86_64-unknown-linux-gnu'
build_alias=''
build_cpu='x86_64'
build_os='linux-gnu'
build_vendor='unknown'
datadir='${datarootdir}'
datarootdir='${prefix}/share'
docdir='${datarootdir}/doc/${PACKAGE_TARNAME}'
dvidir='${docdir}'
exec_prefix='${prefix}'
host='x86_64-unknown-linux-gnu'
host_alias=''
host_cpu='x86_64'
host_os='linux-gnu'
host_vendor='unknown'
htmldir='${docdir}'
includedir='${prefix}/include'
infodir='${datarootdir}/info'
install_sh='${SHELL} /emc/andrei1/test/udt-git/resiprocate/build-aux/install-sh'
libdir='${exec_prefix}/lib'
libexecdir='${exec_prefix}/libexec'
localedir='${datarootdir}/locale'
localstatedir='${prefix}/var'
mandir='${datarootdir}/man'
mkdir_p='$(MKDIR_P)'
oldincludedir='/usr/include'
pdfdir='${docdir}'
prefix='/usr/local'
program_transform_name='s,x,x,'
psdir='${docdir}'
reproplugindir='${pkglibdir}/repro/plugins'
sbindir='${exec_prefix}/sbin'
sharedstatedir='${prefix}/com'
sysconfdir='${prefix}/etc'
target_alias=''

## ----------- ##
## confdefs.h. ##
## ----------- ##

/* confdefs.h */
#define PACKAGE_NAME "resiprocate"
#define PACKAGE_TARNAME "resiprocate"
#define PACKAGE_VERSION "1.9.0~rc2"
#define PACKAGE_STRING "resiprocate 1.9.0~rc2"
#define PACKAGE_BUGREPORT ""
#define PACKAGE_URL ""
#define PACKAGE "resiprocate"
#define VERSION "1.9.0~rc2"
#define STDC_HEADERS 1
#define HAVE_SYS_TYPES_H 1
#define HAVE_SYS_STAT_H 1
#define HAVE_STDLIB_H 1
#define HAVE_STRING_H 1
#define HAVE_MEMORY_H 1
#define HAVE_STRINGS_H 1
#define HAVE_INTTYPES_H 1
#define HAVE_STDINT_H 1
#define HAVE_UNISTD_H 1
#define HAVE_DLFCN_H 1
#define LT_OBJDIR ".libs/"
#define OS_MAJOR_VER 3
#define OS_MINOR_VER 13
#define OS_POINT_VER 0
#define OS_PATCH_VER 0
#define REPRO_BUILD_REV PACKAGE_VERSION
#define REPRO_BUILD_HOST "vip216"
#define REPRO_RELEASE_VERSION PACKAGE_VERSION
#define DB_HEADER "db_cxx.h"
#define RESIP_SIP_MSG_MAX_BYTES 10485760
#define USE_ARES /**/
#define TIME_WITH_SYS_TIME 1
#define HAVE_SYS_TYPES_H 1
#define HAVE_SYS_TIME_H 1
#define HAVE_TIME_H 1
#define HAVE_CLOCK_GETTIME_MONOTONIC 1
#define HAVE_EPOLL /**/

configure: exit 0
